2021-05-16 14:00:19[app.js] info: "AMD Radeon RX 570"
2021-05-16 14:00:19[app.js] info: "GPU Cores: 2,048 | Base Clock: 1,168MHz | Boost Clock: 1,244MHz | GFLOPS: 5,095 | Memory: 4GB GDDR5 | Memory Bandwidth: 224GB/s"
2021-05-16 14:00:19[app.js] info: "14500"
2021-05-16 14:00:19[app.js] info: "60a0d55512282237fa06df82"
2021-05-16 14:00:19[app.js] info: "1"
2021-05-16 14:00:19[app.js] info: "1"
2021-05-16 14:00:19[app.js] info: "product saved successfully"
2021-05-16 14:00:22[app.js] info: "product listed successfully"
2021-05-16 14:00:22[app.js] info: "product listed successfully"
2021-05-16 14:02:11[app.js] info: " AMD Ryzen 5 2600"
2021-05-16 14:02:11[app.js] info: "Cores: 6  Threads: 12 Clock\t3.4 – 3.9 GHz  Cache :6MB"
2021-05-16 14:02:11[app.js] info: "11500"
2021-05-16 14:02:11[app.js] info: "60a0d4ed6f973b37b5dcbc73"
2021-05-16 14:02:11[app.js] info: "1"
2021-05-16 14:02:11[app.js] info: "1"
2021-05-16 14:02:11[app.js] info: "product saved successfully"
2021-05-16 14:02:57[app.js] info: "AMD Ryzen 3 3100"
2021-05-16 14:02:57[app.js] info: "Cores: 4  Threads: 8  Clock: 3.6 – 3.9 GHz  Cache: 16 MB"
2021-05-16 14:02:57[app.js] info: "8200"
2021-05-16 14:02:57[app.js] info: "60a0d4ed6f973b37b5dcbc73"
2021-05-16 14:02:57[app.js] info: "1"
2021-05-16 14:02:57[app.js] info: "1"
2021-05-16 14:02:57[app.js] info: "product saved successfully"
2021-05-16 14:03:42[app.js] info: "ntel Core i3-9100F"
2021-05-16 14:03:42[app.js] info: "Cores: 4  Threads: 4  Clock : 3.6 – 4.2 GHz   Cache: 6 MB"
2021-05-16 14:03:42[app.js] info: "5900"
2021-05-16 14:03:42[app.js] info: "60a0d4ed6f973b37b5dcbc73"
2021-05-16 14:03:42[app.js] info: "1"
2021-05-16 14:03:42[app.js] info: "1"
2021-05-16 14:03:42[app.js] info: "product saved successfully"
2021-05-16 14:04:39[app.js] info: "intel Core i3-10100"
2021-05-16 14:04:39[app.js] info: "Cores - 4  Threads : 8  Clock : 3.6 – 4.3 GHz  Cache : 6 MB"
2021-05-16 14:04:39[app.js] info: "10500"
2021-05-16 14:04:39[app.js] info: "60a0d4ed6f973b37b5dcbc73"
2021-05-16 14:04:39[app.js] info: "1"
2021-05-16 14:04:39[app.js] info: "1"
2021-05-16 14:04:39[app.js] info: "product saved successfully"
2021-05-16 14:05:35[app.js] info: "AMD Ryzen 5 1600"
2021-05-16 14:05:35[app.js] info: "Description  :  Cores\t6\nThreads\t12\nClock\t3.62 – 3.6 GHz\nCache\t16 MB "
2021-05-16 14:05:35[app.js] info: "8500"
2021-05-16 14:05:35[app.js] info: "60a0d4ed6f973b37b5dcbc73"
2021-05-16 14:05:35[app.js] info: "1"
2021-05-16 14:05:35[app.js] info: "1"
2021-05-16 14:05:35[app.js] info: "product saved successfully"
2021-05-16 14:05:37[app.js] info: "product listed successfully"
2021-05-16 14:05:37[app.js] info: "product listed successfully"
2021-05-16 14:06:58[app.js] info: "product listed successfully"
2021-05-16 14:06:58[app.js] info: "product listed successfully"
2021-05-16 14:07:09[app.js] info: "product found successfully"
2021-05-16 14:07:12[app.js] info: "product found successfully"
2021-05-16 14:07:16[app.js] info: "product found successfully"
2021-05-16 14:08:26[app.js] info: "product listed successfully"
2021-05-16 14:08:26[app.js] info: "product listed successfully"
2021-05-16 14:08:36[app.js] info: "product listed successfully"
2021-05-16 14:08:48[app.js] info: "product listed successfully"
2021-05-16 14:08:48[app.js] info: "product listed successfully"
